<?xml version="1.0" encoding="UTF-8"?>
<!-- Generated by org.testng.reporters.JUnitReportReporter -->
<testsuite hostname="Piyush" failures="0" tests="1" name="com.crm.qa.testcases.FreeCrmTest" time="31.069" errors="0" timestamp="16 Apr. 2023 20:15:04 GMT" skipped="0">
  <testcase classname="com.crm.qa.testcases.FreeCrmTest" name="freeCrmTitleTest" time="31.069"/>
</testsuite> <!-- com.crm.qa.testcases.FreeCrmTest -->
