<?xml version="1.0" encoding="UTF-8"?>
<!-- Generated by org.testng.reporters.JUnitReportReporter -->
<testsuite hostname="Piyush" failures="0" tests="2" name="com.tests.LoginTest" time="15.793" errors="0" timestamp="17 Apr. 2023 19:55:16 GMT" skipped="0">
  <testcase classname="com.tests.LoginTest" name="freeCrmTitleTest" time="8.268"/>
  <testcase classname="com.tests.LoginTest" name="freecrmLogoImageTest" time="7.525"/>
</testsuite> <!-- com.tests.LoginTest -->
