<?xml version="1.0" encoding="UTF-8"?>
<!-- Generated by org.testng.reporters.JUnitReportReporter -->
<testsuite hostname="Piyush" failures="0" tests="3" name="com.crm.qa.testcases.LoginPageTest" time="14.755" errors="0" timestamp="16 Apr. 2023 23:14:17 GMT" skipped="0">
  <testcase classname="com.crm.qa.testcases.LoginPageTest" name="loginPageTitleTest" time="4.934"/>
  <testcase classname="com.crm.qa.testcases.LoginPageTest" name="crmLogoImageTest" time="4.774"/>
  <testcase classname="com.crm.qa.testcases.LoginPageTest" name="loginTest" time="5.047"/>
</testsuite> <!-- com.crm.qa.testcases.LoginPageTest -->
