<?xml version="1.0" encoding="UTF-8"?>
<!-- Generated by org.testng.reporters.JUnitReportReporter -->
<testsuite hostname="Piyush" failures="0" tests="1" name="com.crm.qa.testcases.FreeCrmTest" time="30.447" errors="0" timestamp="16 Apr. 2023 23:14:17 GMT" skipped="0">
  <testcase classname="com.crm.qa.testcases.FreeCrmTest" name="freeCrmTitleTest" time="30.447"/>
</testsuite> <!-- com.crm.qa.testcases.FreeCrmTest -->
