<?xml version="1.0" encoding="UTF-8"?>
<!-- Generated by org.testng.reporters.JUnitReportReporter -->
<testsuite hostname="Piyush" failures="0" tests="3" name="com.crm.qa.testcases.HomePageTest" time="23.912" errors="0" timestamp="16 Apr. 2023 23:14:17 GMT" skipped="0">
  <testcase classname="com.crm.qa.testcases.HomePageTest" name="verifyHomePageTitleTest" time="5.308"/>
  <testcase classname="com.crm.qa.testcases.HomePageTest" name="verifyUserNameTest" time="8.557"/>
  <testcase classname="com.crm.qa.testcases.HomePageTest" name="verifyContactsLinkTest" time="10.047"/>
</testsuite> <!-- com.crm.qa.testcases.HomePageTest -->
